\BOOKMARK [0][-]{chapter.1}{\376\377\000I\000n\000t\000r\000o\000d\000u\000c\000t\000i\000o\000n}{}% 1
\BOOKMARK [1][-]{section.1.1}{\376\377\000A\000p\000p\000l\000i\000e\000d\000\040\000c\000a\000t\000e\000g\000o\000r\000y\000\040\000t\000h\000e\000o\000r\000y\000\040\000a\000n\000d\000\040\000c\000o\000m\000p\000l\000e\000x\000\040\000s\000y\000s\000t\000e\000m\000s}{chapter.1}% 2
\BOOKMARK [1][-]{section.1.2}{\376\377\000T\000h\000e\000\040\000p\000o\000l\000y\000-\000b\000o\000o\000k}{chapter.1}% 3
\BOOKMARK [1][-]{section.1.3}{\376\377\000G\000o\000a\000l\000\040\000o\000f\000\040\000t\000h\000i\000s\000\040\000t\000h\000e\000s\000i\000s}{chapter.1}% 4
\BOOKMARK [1][-]{section.1.4}{\376\377\000O\000u\000t\000l\000i\000n\000e}{chapter.1}% 5
\BOOKMARK [0][-]{chapter.2}{\376\377\000B\000a\000c\000k\000g\000r\000o\000u\000n\000d}{}% 6
\BOOKMARK [1][-]{section.2.1}{\376\377\000A\000g\000d\000a}{chapter.2}% 7
\BOOKMARK [2][-]{subsection.2.1.1}{\376\377\000U\000n\000i\000c\000o\000d\000e\000\040\000c\000h\000a\000r\000a\000c\000t\000e\000r\000s}{section.2.1}% 8
\BOOKMARK [2][-]{subsection.2.1.2}{\376\377\000P\000r\000o\000p\000o\000s\000i\000t\000i\000o\000n\000s\000\040\000a\000s\000\040\000T\000y\000p\000e\000s}{section.2.1}% 9
\BOOKMARK [2][-]{subsection.2.1.3}{\376\377\000A\000g\000d\000a\000\040\000e\000x\000a\000m\000p\000l\000e\000s}{section.2.1}% 10
\BOOKMARK [2][-]{subsection.2.1.4}{\376\377\000F\000o\000r\000e\000i\000g\000n\000\040\000f\000u\000n\000c\000t\000i\000o\000n\000\040\000i\000n\000t\000e\000r\000f\000a\000c\000e\000\040\000-\000\040\000H\000a\000s\000k\000e\000l\000l}{section.2.1}% 11
\BOOKMARK [1][-]{section.2.2}{\376\377\000C\000u\000b\000i\000c\000a\000l\000\040\000A\000g\000d\000a}{chapter.2}% 12
\BOOKMARK [2][-]{subsection.2.2.1}{\376\377\000C\000u\000b\000i\000c\000a\000l\000\040\000e\000x\000a\000m\000p\000l\000e\000s}{section.2.2}% 13
\BOOKMARK [1][-]{section.2.3}{\376\377\000C\000a\000t\000e\000g\000o\000r\000y\000\040\000T\000h\000e\000o\000r\000y}{chapter.2}% 14
\BOOKMARK [2][-]{subsection.2.3.1}{\376\377\000C\000o\000m\000m\000u\000t\000i\000n\000g\000\040\000d\000i\000a\000g\000r\000a\000m\000s}{section.2.3}% 15
\BOOKMARK [2][-]{subsection.2.3.2}{\376\377\000A\000p\000p\000l\000i\000e\000d\000\040\000c\000a\000t\000e\000g\000o\000r\000y\000\040\000t\000h\000e\000o\000r\000y}{section.2.3}% 16
\BOOKMARK [2][-]{subsection.2.3.3}{\376\377\000I\000n\000\040\000c\000o\000d\000e\000:\000\040\000A\000g\000d\000a\000'\000s\000\040\000a\000g\000d\000a\000-\000c\000a\000t\000e\000g\000o\000r\000i\000e\000s\000\040\000l\000i\000b\000r\000a\000r\000y}{section.2.3}% 17
\BOOKMARK [1][-]{section.2.4}{\376\377\000P\000r\000e\000v\000i\000o\000u\000s\000\040\000w\000o\000r\000k\000\040\000o\000n\000\040\000P\000o\000l\000y\000n\000o\000m\000i\000a\000l\000\040\000F\000u\000n\000c\000t\000o\000r\000s}{chapter.2}% 18
\BOOKMARK [0][-]{chapter.3}{\376\377\000T\000h\000e\000o\000r\000y\000:\000\040\000L\000e\000n\000s\000e\000s}{}% 19
\BOOKMARK [1][-]{section.3.1}{\376\377\000T\000h\000e\000\040\000c\000a\000t\000e\000g\000o\000r\000y\000\040\000P\000o\000l\000y}{chapter.3}% 20
\BOOKMARK [2][-]{subsection.3.1.1}{\376\377\000O\000b\000j\000e\000c\000t\000s\000\040\000a\000r\000e\000\040\000p\000o\000l\000y\000n\000o\000m\000i\000a\000l\000\040\000f\000u\000n\000c\000t\000o\000r\000s}{section.3.1}% 21
\BOOKMARK [2][-]{subsection.3.1.2}{\376\377\000A\000r\000r\000o\000w\000s\000\040\000a\000r\000e\000\040\000n\000a\000t\000u\000r\000a\000l\000\040\000t\000r\000a\000n\000s\000f\000o\000r\000m\000a\000t\000i\000o\000n\000s\000\040\000-\000\040\000d\000e\000p\000e\000n\000d\000e\000n\000t\000\040\000l\000e\000n\000s\000e\000s}{section.3.1}% 22
\BOOKMARK [2][-]{subsection.3.1.3}{\376\377\000C\000a\000t\000e\000g\000o\000r\000i\000c\000a\000l\000\040\000a\000x\000i\000o\000m\000s}{section.3.1}% 23
\BOOKMARK [1][-]{section.3.2}{\376\377\000P\000o\000l\000y\000n\000o\000m\000i\000a\000l\000\040\000e\000q\000u\000a\000l\000i\000t\000y}{chapter.3}% 24
\BOOKMARK [1][-]{section.3.3}{\376\377\000L\000e\000n\000s\000\040\000e\000q\000u\000a\000l\000i\000t\000y}{chapter.3}% 25
\BOOKMARK [1][-]{section.3.4}{\376\377\000I\000n\000i\000t\000i\000a\000l\000\040\000o\000b\000j\000e\000c\000t}{chapter.3}% 26
\BOOKMARK [1][-]{section.3.5}{\376\377\000T\000e\000r\000m\000i\000n\000a\000l\000\040\000o\000b\000j\000e\000c\000t}{chapter.3}% 27
\BOOKMARK [1][-]{section.3.6}{\376\377\000P\000r\000o\000d\000u\000c\000t}{chapter.3}% 28
\BOOKMARK [2][-]{subsection.3.6.1}{\376\377\000P\000r\000o\000d\000u\000c\000t\000i\000z\000e\000d\000\040\000l\000e\000n\000s}{section.3.6}% 29
\BOOKMARK [2][-]{subsection.3.6.2}{\376\377\000G\000e\000n\000e\000r\000a\000l\000i\000z\000e\000d\000\040\000p\000r\000o\000d\000u\000c\000t}{section.3.6}% 30
\BOOKMARK [2][-]{subsection.3.6.3}{\376\377\000M\000o\000n\000o\000i\000d}{section.3.6}% 31
\BOOKMARK [1][-]{section.3.7}{\376\377\000C\000o\000p\000r\000o\000d\000u\000c\000t}{chapter.3}% 32
\BOOKMARK [2][-]{subsection.3.7.1}{\376\377\000G\000e\000n\000e\000r\000a\000l\000i\000z\000e\000d\000\040\000c\000o\000p\000r\000o\000d\000u\000c\000t}{section.3.7}% 33
\BOOKMARK [2][-]{subsection.3.7.2}{\376\377\000M\000o\000n\000o\000i\000d}{section.3.7}% 34
\BOOKMARK [2][-]{subsection.3.7.3}{\376\377\000C\000o\000p\000r\000o\000d\000u\000c\000t\000i\000z\000e\000d\000\040\000l\000e\000n\000s}{section.3.7}% 35
\BOOKMARK [1][-]{section.3.8}{\376\377\000P\000a\000r\000a\000l\000l\000e\000l\000\040\000p\000r\000o\000d\000u\000c\000t}{chapter.3}% 36
\BOOKMARK [2][-]{subsection.3.8.1}{\376\377\000M\000o\000n\000o\000i\000d}{section.3.8}% 37
\BOOKMARK [2][-]{subsection.3.8.2}{\376\377\000P\000a\000r\000a\000l\000l\000e\000l\000\040\000l\000e\000n\000s}{section.3.8}% 38
\BOOKMARK [1][-]{section.3.9}{\376\377\000C\000o\000m\000p\000o\000s\000i\000t\000i\000o\000n\000\040\000p\000r\000o\000d\000u\000c\000t}{chapter.3}% 39
\BOOKMARK [2][-]{subsection.3.9.1}{\376\377\000M\000o\000n\000o\000i\000d}{section.3.9}% 40
\BOOKMARK [2][-]{subsection.3.9.2}{\376\377\000C\000o\000m\000p\000o\000s\000i\000t\000i\000o\000n\000\040\000l\000e\000n\000s}{section.3.9}% 41
\BOOKMARK [2][-]{subsection.3.9.3}{\376\377\000C\000o\000m\000p\000o\000s\000i\000t\000e\000\040\000p\000o\000w\000e\000r}{section.3.9}% 42
\BOOKMARK [1][-]{section.3.10}{\376\377\000C\000a\000r\000t\000e\000s\000i\000a\000n\000\040\000c\000l\000o\000s\000u\000r\000e}{chapter.3}% 43
\BOOKMARK [1][-]{section.3.11}{\376\377\000Q\000u\000a\000d\000r\000u\000p\000l\000e\000\040\000a\000d\000j\000u\000n\000c\000t\000i\000o\000n}{chapter.3}% 44
\BOOKMARK [1][-]{section.3.12}{\376\377\000E\000q\000u\000a\000l\000i\000z\000e\000r}{chapter.3}% 45
\BOOKMARK [1][-]{section.3.13}{\376\377\000V\000a\000r\000i\000o\000u\000s\000\040\000p\000r\000o\000p\000e\000r\000t\000i\000e\000s\000\040\000o\000f\000\040\000p\000o\000l\000y\000n\000o\000m\000i\000a\000l\000s}{chapter.3}% 46
\BOOKMARK [0][-]{chapter.4}{\376\377\000T\000h\000e\000o\000r\000y\000:\000\040\000C\000h\000a\000r\000t\000s}{}% 47
\BOOKMARK [1][-]{section.4.1}{\376\377\000T\000h\000e\000\040\000c\000a\000t\000e\000g\000o\000r\000y\000\040\000C\000h\000a\000r\000t}{chapter.4}% 48
\BOOKMARK [2][-]{subsection.4.1.1}{\376\377\000C\000h\000a\000r\000t}{section.4.1}% 49
\BOOKMARK [2][-]{subsection.4.1.2}{\376\377\000I\000d\000e\000n\000t\000i\000t\000y\000\040\000c\000h\000a\000r\000t}{section.4.1}% 50
\BOOKMARK [2][-]{subsection.4.1.3}{\376\377\000C\000o\000m\000p\000o\000s\000i\000n\000g\000\040\000c\000h\000a\000r\000t\000s}{section.4.1}% 51
\BOOKMARK [2][-]{subsection.4.1.4}{\376\377\000A\000s\000s\000o\000c\000i\000a\000t\000i\000v\000i\000t\000y\000\040\000a\000n\000d\000\040\000i\000d\000e\000n\000t\000i\000t\000y\000\040\000l\000a\000w\000s}{section.4.1}% 52
\BOOKMARK [1][-]{section.4.2}{\376\377\000C\000h\000a\000r\000t\000\040\000e\000q\000u\000a\000l\000i\000t\000y}{chapter.4}% 53
\BOOKMARK [1][-]{section.4.3}{\376\377\000I\000n\000i\000t\000i\000a\000l\000\040\000o\000b\000j\000e\000c\000t}{chapter.4}% 54
\BOOKMARK [1][-]{section.4.4}{\376\377\000T\000e\000r\000m\000i\000n\000a\000l\000\040\000o\000b\000j\000e\000c\000t}{chapter.4}% 55
\BOOKMARK [1][-]{section.4.5}{\376\377\000P\000r\000o\000d\000u\000c\000t}{chapter.4}% 56
\BOOKMARK [2][-]{subsection.4.5.1}{\376\377\000M\000o\000n\000o\000i\000d}{section.4.5}% 57
\BOOKMARK [1][-]{section.4.6}{\376\377\000C\000o\000p\000r\000o\000d\000u\000c\000t}{chapter.4}% 58
\BOOKMARK [2][-]{subsection.4.6.1}{\376\377\000M\000o\000n\000o\000i\000d}{section.4.6}% 59
\BOOKMARK [1][-]{section.4.7}{\376\377\000C\000o\000m\000m\000u\000t\000i\000n\000g\000\040\000s\000q\000u\000a\000r\000e\000\040\000b\000e\000t\000w\000e\000e\000n\000\040\000l\000e\000n\000s\000e\000s\000\040\000a\000n\000d\000\040\000c\000h\000a\000r\000t\000s}{chapter.4}% 60
\BOOKMARK [1][-]{section.4.8}{\376\377\000C\000o\000m\000p\000o\000s\000i\000n\000g\000\040\000s\000q\000u\000a\000r\000e\000s\000\040\000b\000e\000t\000w\000e\000e\000n\000\040\000l\000e\000n\000s\000e\000s\000\040\000a\000n\000d\000\040\000c\000h\000a\000r\000t\000s}{chapter.4}% 61
